<?xml version="1.0" encoding="UTF-8" ?>
<testsuites>

  <testsuite name="Player #resume" errors="0" tests="1" failures="0" time="0" timestamp="2013-01-10T05:19:34.644Z">
    
      <testcase assertions="1" classname="Player #resume" name="should throw an exception if song is already playing" time="0">
        
      </testcase>
    
  </testsuite>

</testsuites>